<?xml version="1.0" encoding="UTF-8"?>
<!-- Generated by org.testng.reporters.JUnitReportReporter -->
<testsuite hostname="AKSHAY-HP" failures="0" tests="1" name="verificationUsingTestNG.AssertequalsAndNotEquals" time="0.009" errors="0" timestamp="2022-09-08T10:20:23 IST" skipped="0">
  <testcase classname="verificationUsingTestNG.AssertequalsAndNotEquals" name="MyMethod" time="0.009"/>
  <system-out/>
</testsuite> <!-- verificationUsingTestNG.AssertequalsAndNotEquals -->
