<?xml version="1.0" encoding="UTF-8"?>
<!-- Generated by org.testng.reporters.JUnitReportReporter -->
<testsuite hostname="AKSHAY-HP" failures="0" tests="2" name="testNGAnnotation.Study" time="0.016" errors="0" timestamp="2022-07-31T22:18:11 IST" skipped="0">
  <testcase classname="testNGAnnotation.Study" name="myMethod" time="0.016"/>
  <system-out>
    <![CDATA[Test method is running]]>
  </system-out>
  <testcase classname="testNGAnnotation.Study" name="myMethod1" time="0.000"/>
  <system-out>
    <![CDATA[Test method1 is running]]>
  </system-out>
</testsuite> <!-- testNGAnnotation.Study -->
