<?xml version="1.0" encoding="UTF-8"?>
<!-- Generated by org.testng.reporters.JUnitReportReporter -->
<testsuite hostname="AKSHAY-HP" failures="0" tests="5" name="testNGKeyWords.Priority_Study" time="0.014" errors="0" timestamp="2022-09-19T12:38:13 IST" skipped="0">
  <testcase classname="testNGKeyWords.Priority_Study" name="e" time="0.001"/>
  <system-out>
    <![CDATA[e method is running]]>
  </system-out>
  <testcase classname="testNGKeyWords.Priority_Study" name="b" time="0.009"/>
  <system-out>
    <![CDATA[b method is running]]>
  </system-out>
  <testcase classname="testNGKeyWords.Priority_Study" name="c" time="0.002"/>
  <system-out>
    <![CDATA[c method is running]]>
  </system-out>
  <testcase classname="testNGKeyWords.Priority_Study" name="a" time="0.001"/>
  <system-out>
    <![CDATA[a method is running]]>
  </system-out>
  <testcase classname="testNGKeyWords.Priority_Study" name="d" time="0.001"/>
  <system-out>
    <![CDATA[d method is running]]>
  </system-out>
</testsuite> <!-- testNGKeyWords.Priority_Study -->
