<?xml version="1.0" encoding="UTF-8"?>
<!-- Generated by org.testng.reporters.JUnitReportReporter -->
<testsuite hostname="AKSHAY-HP" failures="0" tests="1" name="testNGXML_Study.testNGGrouping2" time="0.007" errors="0" timestamp="2022-09-26T11:19:22 IST" skipped="0">
  <testcase classname="testNGXML_Study.testNGGrouping2" name="h" time="0.007"/>
  <system-out>
    <![CDATA[h method is running]]>
  </system-out>
</testsuite> <!-- testNGXML_Study.testNGGrouping2 -->
