<?xml version="1.0" encoding="UTF-8"?>
<!-- Generated by org.testng.reporters.JUnitReportReporter -->
<testsuite hostname="AKSHAY-HP" failures="0" tests="5" name="testNGKeyWords.Enbaled_Study" time="0.008" errors="0" timestamp="2022-09-19T12:38:39 IST" skipped="1">
  <testcase classname="testNGKeyWords.Enbaled_Study" name="a" time="0.007"/>
  <system-out>
    <![CDATA[a method is running]]>
  </system-out>
  <testcase classname="testNGKeyWords.Enbaled_Study" name="c" time="0.000"/>
  <system-out>
    <![CDATA[c method is running]]>
  </system-out>
  <testcase classname="testNGKeyWords.Enbaled_Study" name="d" time="0.001"/>
  <system-out>
    <![CDATA[d method is running]]>
  </system-out>
  <testcase classname="testNGKeyWords.Enbaled_Study" name="e" time="0.000"/>
  <system-out>
    <![CDATA[e method is running]]>
  </system-out>
  <testcase classname="testNGKeyWords.Enbaled_Study" name="b">
    <skipped/>
  </testcase> <!-- b -->
  <system-out/>
</testsuite> <!-- testNGKeyWords.Enbaled_Study -->
