<?xml version="1.0" encoding="UTF-8"?>
<!-- Generated by org.testng.reporters.JUnitReportReporter -->
<testsuite hostname="AKSHAY-HP" failures="0" tests="5" name="testNGKeyWords.InvocationCount_Study" time="0.010" errors="0" timestamp="2022-09-19T12:37:44 IST" skipped="0">
  <testcase classname="testNGKeyWords.InvocationCount_Study" name="myMethod" time="0.001"/>
  <system-out>
    <![CDATA[myMethod is running]]>
  </system-out>
  <testcase classname="testNGKeyWords.InvocationCount_Study" name="myMethod" time="0.006"/>
  <system-out>
    <![CDATA[myMethod is running]]>
  </system-out>
  <testcase classname="testNGKeyWords.InvocationCount_Study" name="myMethod" time="0.002"/>
  <system-out>
    <![CDATA[myMethod is running]]>
  </system-out>
  <testcase classname="testNGKeyWords.InvocationCount_Study" name="myMethod" time="0.000"/>
  <system-out>
    <![CDATA[myMethod is running]]>
  </system-out>
  <testcase classname="testNGKeyWords.InvocationCount_Study" name="myMethod" time="0.001"/>
  <system-out>
    <![CDATA[myMethod is running]]>
  </system-out>
</testsuite> <!-- testNGKeyWords.InvocationCount_Study -->
