<?xml version="1.0" encoding="UTF-8"?>
<!-- Generated by org.testng.reporters.JUnitReportReporter -->
<testsuite hostname="AKSHAY-HP" failures="0" tests="2" name="crossBrowserTesting.crossBrowserTestStudy" time="12.932" errors="0" timestamp="2022-09-26T14:45:48 IST" skipped="0">
  <testcase classname="crossBrowserTesting.crossBrowserTestStudy" name="myMethod" time="8.056"/>
  <system-out/>
  <testcase classname="crossBrowserTesting.crossBrowserTestStudy" name="myMethod" time="4.876"/>
  <system-out/>
</testsuite> <!-- crossBrowserTesting.crossBrowserTestStudy -->
