<?xml version="1.0" encoding="UTF-8"?>
<!-- Generated by org.testng.reporters.JUnitReportReporter -->
<testsuite hostname="AKSHAY-HP" failures="0" tests="1" name="testNGStudy.MyClass" time="0.006" errors="0" timestamp="2022-09-19T11:21:31 IST" skipped="0">
  <testcase classname="testNGStudy.MyClass" name="MyMethod" time="0.006"/>
  <system-out>
    <![CDATA[HI this is written in reporter without boolean value
HI this is written in reporter with boolean value]]>
  </system-out>
</testsuite> <!-- testNGStudy.MyClass -->
