<?xml version="1.0" encoding="UTF-8"?>
<!-- Generated by org.testng.reporters.JUnitReportReporter -->
<testsuite hostname="AKSHAY-HP" failures="0" tests="1" name="testNGStudy.TestNG_Ex1" time="12.458" errors="0" timestamp="2022-09-08T12:42:21 IST" skipped="0">
  <testcase classname="testNGStudy.TestNG_Ex1" name="KiteLogin" time="12.458"/>
  <system-out/>
</testsuite> <!-- testNGStudy.TestNG_Ex1 -->
