<?xml version="1.0" encoding="UTF-8"?>
<!-- Generated by org.testng.reporters.JUnitReportReporter -->
<testsuite hostname="AKSHAY-HP" failures="0" tests="1" name="serialOrParallelExecution.Test2" time="5.531" errors="0" timestamp="2022-09-07T19:53:43 IST" skipped="0">
  <testcase classname="serialOrParallelExecution.Test2" name="KiteLaunch" time="5.531"/>
  <system-out/>
</testsuite> <!-- serialOrParallelExecution.Test2 -->
