<?xml version="1.0" encoding="UTF-8"?>
<!-- Generated by org.testng.reporters.JUnitReportReporter -->
<testsuite hostname="AKSHAY-HP" failures="0" tests="1" name="KiteUserIDUsingtestNG.ValidateKiteUserID" time="5.949" errors="0" timestamp="2022-09-20T18:40:16 IST" skipped="0">
  <testcase classname="KiteUserIDUsingtestNG.ValidateKiteUserID" name="ValidateUserID" time="5.949"/>
  <system-out>
    <![CDATA[Validating Actual and Expected UserID
Validated Actual & Expected UserID, TC is Pass]]>
  </system-out>
</testsuite> <!-- KiteUserIDUsingtestNG.ValidateKiteUserID -->
