<?xml version="1.0" encoding="UTF-8"?>
<!-- Generated by org.testng.reporters.JUnitReportReporter -->
<testsuite hostname="AKSHAY-HP" failures="0" tests="2" name="crossBrowserTesting.crossBrowserTesting1" time="14.911" errors="0" timestamp="2022-09-08T19:07:53 IST" skipped="0">
  <testcase classname="crossBrowserTesting.crossBrowserTesting1" name="Mymethod" time="4.535"/>
  <system-out/>
  <testcase classname="crossBrowserTesting.crossBrowserTesting1" name="Mymethod" time="10.376"/>
  <system-out/>
</testsuite> <!-- crossBrowserTesting.crossBrowserTesting1 -->
