<?xml version="1.0" encoding="UTF-8"?>
<!-- Generated by org.testng.reporters.JUnitReportReporter -->
<testsuite hostname="AKSHAY-HP" failures="0" tests="1" name="serialOrParallelExecution.Test1" time="38.742" errors="0" timestamp="2022-09-07T19:53:43 IST" skipped="0">
  <testcase classname="serialOrParallelExecution.Test1" name="paytmLaunch" time="38.742"/>
  <system-out/>
</testsuite> <!-- serialOrParallelExecution.Test1 -->
