<?xml version="1.0" encoding="UTF-8"?>
<!-- Generated by org.testng.reporters.JUnitReportReporter -->
<testsuite hostname="AKSHAY-HP" failures="0" tests="1" name="testNGXML_Study.testNGGrouping1" time="0.001" errors="0" timestamp="2022-09-26T11:19:22 IST" skipped="0">
  <testcase classname="testNGXML_Study.testNGGrouping1" name="b" time="0.001"/>
  <system-out>
    <![CDATA[b method is running]]>
  </system-out>
</testsuite> <!-- testNGXML_Study.testNGGrouping1 -->
