<?xml version="1.0" encoding="UTF-8"?>
<!-- Generated by org.testng.reporters.JUnitReportReporter -->
<testsuite hostname="AKSHAY-HP" failures="0" tests="5" name="testNGKeyWords.InnvocationCount_Study" time="0.016" errors="0" timestamp="2022-07-31T22:27:15 IST" skipped="0">
  <testcase classname="testNGKeyWords.InnvocationCount_Study" name="myMethod" time="0.000"/>
  <system-out>
    <![CDATA[myMethod is running]]>
  </system-out>
  <testcase classname="testNGKeyWords.InnvocationCount_Study" name="myMethod" time="0.016"/>
  <system-out>
    <![CDATA[myMethod is running]]>
  </system-out>
  <testcase classname="testNGKeyWords.InnvocationCount_Study" name="myMethod" time="0.000"/>
  <system-out>
    <![CDATA[myMethod is running]]>
  </system-out>
  <testcase classname="testNGKeyWords.InnvocationCount_Study" name="myMethod" time="0.000"/>
  <system-out>
    <![CDATA[myMethod is running]]>
  </system-out>
  <testcase classname="testNGKeyWords.InnvocationCount_Study" name="myMethod" time="0.000"/>
  <system-out>
    <![CDATA[myMethod is running]]>
  </system-out>
</testsuite> <!-- testNGKeyWords.InnvocationCount_Study -->
