<?xml version="1.0" encoding="UTF-8"?>
<!-- Generated by org.testng.reporters.JUnitReportReporter -->
<testsuite hostname="AKSHAY-HP" failures="0" tests="2" name="testNGAnnotation.AnnotationStudy" time="0.016" errors="0" timestamp="2022-08-01T00:26:45 IST" skipped="0">
  <testcase classname="testNGAnnotation.AnnotationStudy" name="testme" time="0.016"/>
  <system-out>
    <![CDATA[Hi]]>
  </system-out>
  <testcase classname="testNGAnnotation.AnnotationStudy" name="validateUserID" time="0.000"/>
  <system-out>
    <![CDATA[UserID is validated]]>
  </system-out>
</testsuite> <!-- testNGAnnotation.AnnotationStudy -->
