<?xml version="1.0" encoding="UTF-8"?>
<!-- Generated by org.testng.reporters.JUnitReportReporter -->
<testsuite hostname="AKSHAY-HP" failures="0" tests="8" name="testNGKeyWords.MultipleKeyWords_Study" time="0.013" errors="0" timestamp="2022-09-19T13:31:27 IST" skipped="0">
  <testcase classname="testNGKeyWords.MultipleKeyWords_Study" name="d" time="0.001"/>
  <system-out>
    <![CDATA[d method is running]]>
  </system-out>
  <testcase classname="testNGKeyWords.MultipleKeyWords_Study" name="f" time="0.001"/>
  <system-out>
    <![CDATA[f method is running]]>
  </system-out>
  <testcase classname="testNGKeyWords.MultipleKeyWords_Study" name="b" time="0.000"/>
  <system-out>
    <![CDATA[b method is running]]>
  </system-out>
  <testcase classname="testNGKeyWords.MultipleKeyWords_Study" name="e" time="0.007"/>
  <system-out>
    <![CDATA[e method is running]]>
  </system-out>
  <testcase classname="testNGKeyWords.MultipleKeyWords_Study" name="a" time="0.001"/>
  <system-out>
    <![CDATA[a method is running]]>
  </system-out>
  <testcase classname="testNGKeyWords.MultipleKeyWords_Study" name="d" time="0.001"/>
  <system-out>
    <![CDATA[d method is running]]>
  </system-out>
  <testcase classname="testNGKeyWords.MultipleKeyWords_Study" name="c" time="0.002"/>
  <system-out>
    <![CDATA[c method is running]]>
  </system-out>
  <testcase classname="testNGKeyWords.MultipleKeyWords_Study" name="d" time="0.000"/>
  <system-out>
    <![CDATA[d method is running]]>
  </system-out>
</testsuite> <!-- testNGKeyWords.MultipleKeyWords_Study -->
